app/build/intermediates/manifest_merge_blame_file/debug/manifest-merger-blame-debug-report.txt
1<?xml version="1.0" encoding="utf-8"?>
2<manifest xmlns:android="http://schemas.android.com/apk/res/android"
3    package="com.nous.sdfontlogin"
4    android:versionCode="1"
5    android:versionName="1.0" >
6
7    <uses-sdk
8        android:minSdkVersion="24"
9        android:targetSdkVersion="35" />
10
11    <uses-feature
11-->src/main/AndroidManifest.xml:4:5-78
12        android:glEsVersion="0x00030000"
12-->src/main/AndroidManifest.xml:4:19-51
13        android:required="true" />
13-->src/main/AndroidManifest.xml:4:52-75
14
15    <application
15-->src/main/AndroidManifest.xml:6:5-20:19
16        android:debuggable="true"
17        android:extractNativeLibs="false"
18        android:label="SDFont Login"
18-->src/main/AndroidManifest.xml:7:9-37
19        android:theme="@android:style/Theme.NoTitleBar.Fullscreen" >
19-->src/main/AndroidManifest.xml:8:9-67
20        <activity
20-->src/main/AndroidManifest.xml:10:9-19:20
21            android:name="com.nous.sdfontlogin.MainActivity"
21-->src/main/AndroidManifest.xml:11:13-61
22            android:configChanges="orientation|screenSize|keyboardHidden"
22-->src/main/AndroidManifest.xml:12:13-74
23            android:exported="true"
23-->src/main/AndroidManifest.xml:13:13-36
24            android:screenOrientation="portrait" >
24-->src/main/AndroidManifest.xml:14:13-49
25            <intent-filter>
25-->src/main/AndroidManifest.xml:15:13-18:29
26                <action android:name="android.intent.action.MAIN" />
26-->src/main/AndroidManifest.xml:16:17-69
26-->src/main/AndroidManifest.xml:16:25-66
27
28                <category android:name="android.intent.category.LAUNCHER" />
28-->src/main/AndroidManifest.xml:17:17-77
28-->src/main/AndroidManifest.xml:17:27-74
29            </intent-filter>
30        </activity>
31    </application>
32
33</manifest>